{"/Users/eric/Documents/HackR/HRSF128/Reviews/jest.config.js": {"path":"/Users/eric/Documents/HackR/HRSF128/Reviews/jest.config.js","statementMap":{"0":{"start":{"line":1,"column":0},"end":{"line":13,"column":2}}},"fnMap":{},"branchMap":{},"s":{"0":1},"f":{},"b":{},"_coverageSchema":"1a1c01bbd47fc00a2c39e90264f33305004495a9","hash":"3087ae45ca99e5db5f3be687e69e46b91a923c7b"}
,"/Users/eric/Documents/HackR/HRSF128/Reviews/client/components/App.jsx": {"path":"/Users/eric/Documents/HackR/HRSF128/Reviews/client/components/App.jsx","statementMap":{"0":{"start":{"line":14,"column":16},"end":{"line":24,"column":1}},"1":{"start":{"line":28,"column":4},"end":{"line":28,"column":17}},"2":{"start":{"line":29,"column":4},"end":{"line":33,"column":6}},"3":{"start":{"line":34,"column":4},"end":{"line":34,"column":57}},"4":{"start":{"line":35,"column":4},"end":{"line":35,"column":59}},"5":{"start":{"line":36,"column":4},"end":{"line":36,"column":59}},"6":{"start":{"line":40,"column":4},"end":{"line":40,"column":27}},"7":{"start":{"line":44,"column":4},"end":{"line":52,"column":5}},"8":{"start":{"line":45,"column":23},"end":{"line":45,"column":62}},"9":{"start":{"line":46,"column":6},"end":{"line":49,"column":10}},"10":{"start":{"line":46,"column":27},"end":{"line":49,"column":7}},"11":{"start":{"line":51,"column":6},"end":{"line":51,"column":23}},"12":{"start":{"line":56,"column":4},"end":{"line":58,"column":35}},"13":{"start":{"line":56,"column":25},"end":{"line":58,"column":5}},"14":{"start":{"line":62,"column":4},"end":{"line":64,"column":35}},"15":{"start":{"line":62,"column":25},"end":{"line":64,"column":5}},"16":{"start":{"line":69,"column":47},"end":{"line":69,"column":57}},"17":{"start":{"line":70,"column":4},"end":{"line":81,"column":6}}},"fnMap":{"0":{"name":"(anonymous_0)","decl":{"start":{"line":27,"column":2},"end":{"line":27,"column":3}},"loc":{"start":{"line":27,"column":21},"end":{"line":37,"column":3}},"line":27},"1":{"name":"(anonymous_1)","decl":{"start":{"line":39,"column":2},"end":{"line":39,"column":3}},"loc":{"start":{"line":39,"column":22},"end":{"line":41,"column":3}},"line":39},"2":{"name":"(anonymous_2)","decl":{"start":{"line":43,"column":2},"end":{"line":43,"column":3}},"loc":{"start":{"line":43,"column":27},"end":{"line":53,"column":3}},"line":43},"3":{"name":"(anonymous_3)","decl":{"start":{"line":46,"column":20},"end":{"line":46,"column":21}},"loc":{"start":{"line":46,"column":27},"end":{"line":49,"column":7}},"line":46},"4":{"name":"(anonymous_4)","decl":{"start":{"line":55,"column":2},"end":{"line":55,"column":3}},"loc":{"start":{"line":55,"column":20},"end":{"line":59,"column":3}},"line":55},"5":{"name":"(anonymous_5)","decl":{"start":{"line":56,"column":18},"end":{"line":56,"column":19}},"loc":{"start":{"line":56,"column":25},"end":{"line":58,"column":5}},"line":56},"6":{"name":"(anonymous_6)","decl":{"start":{"line":61,"column":2},"end":{"line":61,"column":3}},"loc":{"start":{"line":61,"column":20},"end":{"line":65,"column":3}},"line":61},"7":{"name":"(anonymous_7)","decl":{"start":{"line":62,"column":18},"end":{"line":62,"column":19}},"loc":{"start":{"line":62,"column":25},"end":{"line":64,"column":5}},"line":62},"8":{"name":"(anonymous_8)","decl":{"start":{"line":67,"column":2},"end":{"line":67,"column":3}},"loc":{"start":{"line":67,"column":11},"end":{"line":82,"column":3}},"line":67}},"branchMap":{"0":{"loc":{"start":{"line":74,"column":11},"end":{"line":74,"column":115}},"type":"cond-expr","locations":[{"start":{"line":74,"column":20},"end":{"line":74,"column":108}},{"start":{"line":74,"column":111},"end":{"line":74,"column":115}}],"line":74},"1":{"loc":{"start":{"line":75,"column":11},"end":{"line":75,"column":107}},"type":"cond-expr","locations":[{"start":{"line":75,"column":20},"end":{"line":75,"column":100}},{"start":{"line":75,"column":103},"end":{"line":75,"column":107}}],"line":75},"2":{"loc":{"start":{"line":76,"column":11},"end":{"line":76,"column":71}},"type":"cond-expr","locations":[{"start":{"line":76,"column":20},"end":{"line":76,"column":64}},{"start":{"line":76,"column":67},"end":{"line":76,"column":71}}],"line":76},"3":{"loc":{"start":{"line":77,"column":11},"end":{"line":77,"column":71}},"type":"cond-expr","locations":[{"start":{"line":77,"column":20},"end":{"line":77,"column":64}},{"start":{"line":77,"column":67},"end":{"line":77,"column":71}}],"line":77},"4":{"loc":{"start":{"line":78,"column":11},"end":{"line":78,"column":117}},"type":"cond-expr","locations":[{"start":{"line":78,"column":20},"end":{"line":78,"column":110}},{"start":{"line":78,"column":113},"end":{"line":78,"column":117}}],"line":78}},"s":{"0":1,"1":2,"2":2,"3":2,"4":2,"5":2,"6":2,"7":2,"8":2,"9":0,"10":0,"11":0,"12":0,"13":0,"14":0,"15":0,"16":3,"17":3},"f":{"0":2,"1":2,"2":2,"3":0,"4":0,"5":0,"6":0,"7":0,"8":3},"b":{"0":[1,2],"1":[1,2],"2":[1,2],"3":[1,2],"4":[1,2]},"_coverageSchema":"1a1c01bbd47fc00a2c39e90264f33305004495a9","hash":"0b56cda059203963e3851cfe5e6bae33de0a7853"}
,"/Users/eric/Documents/HackR/HRSF128/Reviews/client/components/GlobalStyle.jsx": {"path":"/Users/eric/Documents/HackR/HRSF128/Reviews/client/components/GlobalStyle.jsx","statementMap":{"0":{"start":{"line":3,"column":18},"end":{"line":7,"column":1}},"1":{"start":{"line":5,"column":28},"end":{"line":5,"column":65}}},"fnMap":{"0":{"name":"(anonymous_0)","decl":{"start":{"line":5,"column":18},"end":{"line":5,"column":19}},"loc":{"start":{"line":5,"column":28},"end":{"line":5,"column":65}},"line":5}},"branchMap":{"0":{"loc":{"start":{"line":5,"column":28},"end":{"line":5,"column":65}},"type":"cond-expr","locations":[{"start":{"line":5,"column":48},"end":{"line":5,"column":56}},{"start":{"line":5,"column":59},"end":{"line":5,"column":65}}],"line":5}},"s":{"0":1,"1":3},"f":{"0":3},"b":{"0":[1,2]},"_coverageSchema":"1a1c01bbd47fc00a2c39e90264f33305004495a9","hash":"a7f5c6e333f8d2adbac4c0df021eaf06d007b16f"}
,"/Users/eric/Documents/HackR/HRSF128/Reviews/client/components/Modal.jsx": {"path":"/Users/eric/Documents/HackR/HRSF128/Reviews/client/components/Modal.jsx","statementMap":{"0":{"start":{"line":8,"column":14},"end":{"line":23,"column":1}},"1":{"start":{"line":9,"column":2},"end":{"line":11,"column":3}},"2":{"start":{"line":10,"column":4},"end":{"line":10,"column":16}},"3":{"start":{"line":12,"column":2},"end":{"line":22,"column":4}},"4":{"start":{"line":15,"column":32},"end":{"line":15,"column":51}}},"fnMap":{"0":{"name":"(anonymous_0)","decl":{"start":{"line":8,"column":14},"end":{"line":8,"column":15}},"loc":{"start":{"line":8,"column":56},"end":{"line":23,"column":1}},"line":8},"1":{"name":"(anonymous_1)","decl":{"start":{"line":15,"column":27},"end":{"line":15,"column":28}},"loc":{"start":{"line":15,"column":32},"end":{"line":15,"column":51}},"line":15}},"branchMap":{"0":{"loc":{"start":{"line":9,"column":2},"end":{"line":11,"column":3}},"type":"if","locations":[{"start":{"line":9,"column":2},"end":{"line":11,"column":3}},{"start":{"line":9,"column":2},"end":{"line":11,"column":3}}],"line":9}},"s":{"0":2,"1":3,"2":1,"3":2,"4":1},"f":{"0":3,"1":1},"b":{"0":[1,2]},"_coverageSchema":"1a1c01bbd47fc00a2c39e90264f33305004495a9","hash":"a591de9f158ec640a869bc198d7ae5831ee608d7"}
,"/Users/eric/Documents/HackR/HRSF128/Reviews/client/components/ModalButton.jsx": {"path":"/Users/eric/Documents/HackR/HRSF128/Reviews/client/components/ModalButton.jsx","statementMap":{"0":{"start":{"line":7,"column":20},"end":{"line":18,"column":1}},"1":{"start":{"line":8,"column":2},"end":{"line":17,"column":12}}},"fnMap":{"0":{"name":"(anonymous_0)","decl":{"start":{"line":7,"column":20},"end":{"line":7,"column":21}},"loc":{"start":{"line":8,"column":2},"end":{"line":17,"column":12}},"line":8}},"branchMap":{},"s":{"0":3,"1":2},"f":{"0":2},"b":{},"_coverageSchema":"1a1c01bbd47fc00a2c39e90264f33305004495a9","hash":"def093beef7ef62509116af35f6d7873a1c9aff4"}
,"/Users/eric/Documents/HackR/HRSF128/Reviews/client/components/ModalButtonStyle.jsx": {"path":"/Users/eric/Documents/HackR/HRSF128/Reviews/client/components/ModalButtonStyle.jsx","statementMap":{"0":{"start":{"line":3,"column":23},"end":{"line":15,"column":1}},"1":{"start":{"line":17,"column":26},"end":{"line":44,"column":1}},"2":{"start":{"line":46,"column":24},"end":{"line":53,"column":1}},"3":{"start":{"line":55,"column":20},"end":{"line":62,"column":1}},"4":{"start":{"line":55,"column":44},"end":{"line":55,"column":127}},"5":{"start":{"line":64,"column":24},"end":{"line":66,"column":1}},"6":{"start":{"line":64,"column":49},"end":{"line":64,"column":68}},"7":{"start":{"line":68,"column":24},"end":{"line":70,"column":1}},"8":{"start":{"line":68,"column":49},"end":{"line":68,"column":69}}},"fnMap":{"0":{"name":"(anonymous_0)","decl":{"start":{"line":55,"column":37},"end":{"line":55,"column":38}},"loc":{"start":{"line":55,"column":44},"end":{"line":55,"column":127}},"line":55},"1":{"name":"(anonymous_1)","decl":{"start":{"line":64,"column":42},"end":{"line":64,"column":43}},"loc":{"start":{"line":64,"column":49},"end":{"line":64,"column":68}},"line":64},"2":{"name":"(anonymous_2)","decl":{"start":{"line":68,"column":42},"end":{"line":68,"column":43}},"loc":{"start":{"line":68,"column":49},"end":{"line":68,"column":69}},"line":68}},"branchMap":{},"s":{"0":3,"1":3,"2":3,"3":3,"4":2,"5":3,"6":2,"7":3,"8":2},"f":{"0":2,"1":2,"2":2},"b":{},"_coverageSchema":"1a1c01bbd47fc00a2c39e90264f33305004495a9","hash":"933429f4dd600f5212b9cf974ef78818b62838d7"}
,"/Users/eric/Documents/HackR/HRSF128/Reviews/client/components/ModalContent.jsx": {"path":"/Users/eric/Documents/HackR/HRSF128/Reviews/client/components/ModalContent.jsx","statementMap":{"0":{"start":{"line":8,"column":16},"end":{"line":14,"column":1}},"1":{"start":{"line":16,"column":19},"end":{"line":21,"column":1}},"2":{"start":{"line":23,"column":17},"end":{"line":31,"column":1}},"3":{"start":{"line":33,"column":19},"end":{"line":40,"column":1}},"4":{"start":{"line":42,"column":21},"end":{"line":57,"column":1}},"5":{"start":{"line":44,"column":2},"end":{"line":56,"column":4}}},"fnMap":{"0":{"name":"(anonymous_0)","decl":{"start":{"line":42,"column":21},"end":{"line":42,"column":22}},"loc":{"start":{"line":42,"column":35},"end":{"line":57,"column":1}},"line":42}},"branchMap":{},"s":{"0":2,"1":2,"2":2,"3":2,"4":2,"5":1},"f":{"0":1},"b":{},"_coverageSchema":"1a1c01bbd47fc00a2c39e90264f33305004495a9","hash":"fdd30f2f7628cefaced8936259e32e4ab013b5c4"}
,"/Users/eric/Documents/HackR/HRSF128/Reviews/client/components/ModalStyle.jsx": {"path":"/Users/eric/Documents/HackR/HRSF128/Reviews/client/components/ModalStyle.jsx","statementMap":{"0":{"start":{"line":3,"column":31},"end":{"line":21,"column":1}},"1":{"start":{"line":23,"column":30},"end":{"line":35,"column":1}},"2":{"start":{"line":37,"column":24},"end":{"line":53,"column":1}}},"fnMap":{},"branchMap":{},"s":{"0":2,"1":2,"2":2},"f":{},"b":{},"_coverageSchema":"1a1c01bbd47fc00a2c39e90264f33305004495a9","hash":"f2ef48e6ccd54f216bcb1c0a44df33e2f813e5b8"}
,"/Users/eric/Documents/HackR/HRSF128/Reviews/client/components/ModalTop.jsx": {"path":"/Users/eric/Documents/HackR/HRSF128/Reviews/client/components/ModalTop.jsx","statementMap":{"0":{"start":{"line":3,"column":15},"end":{"line":10,"column":1}}},"fnMap":{},"branchMap":{},"s":{"0":2},"f":{},"b":{},"_coverageSchema":"1a1c01bbd47fc00a2c39e90264f33305004495a9","hash":"1757c1a9a3cab46881301e55833d7c8f891cd16b"}
,"/Users/eric/Documents/HackR/HRSF128/Reviews/client/components/MoreReviews.jsx": {"path":"/Users/eric/Documents/HackR/HRSF128/Reviews/client/components/MoreReviews.jsx","statementMap":{"0":{"start":{"line":4,"column":16},"end":{"line":7,"column":1}},"1":{"start":{"line":9,"column":15},"end":{"line":25,"column":1}},"2":{"start":{"line":27,"column":20},"end":{"line":33,"column":1}},"3":{"start":{"line":28,"column":2},"end":{"line":32,"column":4}},"4":{"start":{"line":30,"column":29},"end":{"line":30,"column":46}}},"fnMap":{"0":{"name":"(anonymous_0)","decl":{"start":{"line":27,"column":20},"end":{"line":27,"column":21}},"loc":{"start":{"line":27,"column":53},"end":{"line":33,"column":1}},"line":27},"1":{"name":"(anonymous_1)","decl":{"start":{"line":30,"column":23},"end":{"line":30,"column":24}},"loc":{"start":{"line":30,"column":29},"end":{"line":30,"column":46}},"line":30}},"branchMap":{},"s":{"0":2,"1":2,"2":2,"3":2,"4":1},"f":{"0":2,"1":1},"b":{},"_coverageSchema":"1a1c01bbd47fc00a2c39e90264f33305004495a9","hash":"d85c6935f121f37226f24154000c3742dd4dde64"}
,"/Users/eric/Documents/HackR/HRSF128/Reviews/client/components/OverallStars.jsx": {"path":"/Users/eric/Documents/HackR/HRSF128/Reviews/client/components/OverallStars.jsx","statementMap":{"0":{"start":{"line":6,"column":21},"end":{"line":16,"column":1}},"1":{"start":{"line":7,"column":2},"end":{"line":15,"column":12}}},"fnMap":{"0":{"name":"(anonymous_0)","decl":{"start":{"line":6,"column":21},"end":{"line":6,"column":22}},"loc":{"start":{"line":7,"column":2},"end":{"line":15,"column":12}},"line":7}},"branchMap":{},"s":{"0":2,"1":2},"f":{"0":2},"b":{},"_coverageSchema":"1a1c01bbd47fc00a2c39e90264f33305004495a9","hash":"c2f251142b41c3583b16ac701b84a8dfabc26e99"}
,"/Users/eric/Documents/HackR/HRSF128/Reviews/client/components/OverallStarsStyle.jsx": {"path":"/Users/eric/Documents/HackR/HRSF128/Reviews/client/components/OverallStarsStyle.jsx","statementMap":{"0":{"start":{"line":3,"column":23},"end":{"line":12,"column":1}},"1":{"start":{"line":5,"column":22},"end":{"line":5,"column":51}},"2":{"start":{"line":7,"column":25},"end":{"line":7,"column":54}},"3":{"start":{"line":10,"column":27},"end":{"line":10,"column":56}},"4":{"start":{"line":11,"column":24},"end":{"line":11,"column":57}},"5":{"start":{"line":14,"column":24},"end":{"line":16,"column":1}},"6":{"start":{"line":18,"column":24},"end":{"line":20,"column":1}},"7":{"start":{"line":22,"column":20},"end":{"line":25,"column":1}},"8":{"start":{"line":23,"column":26},"end":{"line":23,"column":55}},"9":{"start":{"line":24,"column":21},"end":{"line":24,"column":50}}},"fnMap":{"0":{"name":"(anonymous_0)","decl":{"start":{"line":5,"column":12},"end":{"line":5,"column":13}},"loc":{"start":{"line":5,"column":22},"end":{"line":5,"column":51}},"line":5},"1":{"name":"(anonymous_1)","decl":{"start":{"line":7,"column":15},"end":{"line":7,"column":16}},"loc":{"start":{"line":7,"column":25},"end":{"line":7,"column":54}},"line":7},"2":{"name":"(anonymous_2)","decl":{"start":{"line":10,"column":17},"end":{"line":10,"column":18}},"loc":{"start":{"line":10,"column":27},"end":{"line":10,"column":56}},"line":10},"3":{"name":"(anonymous_3)","decl":{"start":{"line":11,"column":14},"end":{"line":11,"column":15}},"loc":{"start":{"line":11,"column":24},"end":{"line":11,"column":57}},"line":11},"4":{"name":"(anonymous_4)","decl":{"start":{"line":23,"column":16},"end":{"line":23,"column":17}},"loc":{"start":{"line":23,"column":26},"end":{"line":23,"column":55}},"line":23},"5":{"name":"(anonymous_5)","decl":{"start":{"line":24,"column":11},"end":{"line":24,"column":12}},"loc":{"start":{"line":24,"column":21},"end":{"line":24,"column":50}},"line":24}},"branchMap":{"0":{"loc":{"start":{"line":5,"column":22},"end":{"line":5,"column":51}},"type":"cond-expr","locations":[{"start":{"line":5,"column":36},"end":{"line":5,"column":42}},{"start":{"line":5,"column":45},"end":{"line":5,"column":51}}],"line":5},"1":{"loc":{"start":{"line":7,"column":25},"end":{"line":7,"column":54}},"type":"cond-expr","locations":[{"start":{"line":7,"column":39},"end":{"line":7,"column":45}},{"start":{"line":7,"column":48},"end":{"line":7,"column":54}}],"line":7},"2":{"loc":{"start":{"line":10,"column":27},"end":{"line":10,"column":56}},"type":"cond-expr","locations":[{"start":{"line":10,"column":41},"end":{"line":10,"column":47}},{"start":{"line":10,"column":50},"end":{"line":10,"column":56}}],"line":10},"3":{"loc":{"start":{"line":11,"column":24},"end":{"line":11,"column":57}},"type":"cond-expr","locations":[{"start":{"line":11,"column":38},"end":{"line":11,"column":46}},{"start":{"line":11,"column":49},"end":{"line":11,"column":57}}],"line":11},"4":{"loc":{"start":{"line":23,"column":26},"end":{"line":23,"column":55}},"type":"cond-expr","locations":[{"start":{"line":23,"column":40},"end":{"line":23,"column":46}},{"start":{"line":23,"column":49},"end":{"line":23,"column":55}}],"line":23},"5":{"loc":{"start":{"line":24,"column":21},"end":{"line":24,"column":50}},"type":"cond-expr","locations":[{"start":{"line":24,"column":35},"end":{"line":24,"column":41}},{"start":{"line":24,"column":44},"end":{"line":24,"column":50}}],"line":24}},"s":{"0":2,"1":2,"2":2,"3":2,"4":2,"5":2,"6":2,"7":2,"8":2,"9":2},"f":{"0":2,"1":2,"2":2,"3":2,"4":2,"5":2},"b":{"0":[1,1],"1":[1,1],"2":[1,1],"3":[1,1],"4":[1,1],"5":[1,1]},"_coverageSchema":"1a1c01bbd47fc00a2c39e90264f33305004495a9","hash":"0628cad07a6e8aeac05d1161da07b1dc0736509a"}
,"/Users/eric/Documents/HackR/HRSF128/Reviews/client/components/ReadMoreButton.jsx": {"path":"/Users/eric/Documents/HackR/HRSF128/Reviews/client/components/ReadMoreButton.jsx","statementMap":{"0":{"start":{"line":4,"column":15},"end":{"line":20,"column":1}},"1":{"start":{"line":22,"column":23},"end":{"line":29,"column":1}},"2":{"start":{"line":23,"column":2},"end":{"line":25,"column":3}},"3":{"start":{"line":24,"column":4},"end":{"line":24,"column":16}},"4":{"start":{"line":26,"column":2},"end":{"line":28,"column":4}}},"fnMap":{"0":{"name":"(anonymous_0)","decl":{"start":{"line":22,"column":23},"end":{"line":22,"column":24}},"loc":{"start":{"line":22,"column":62},"end":{"line":29,"column":1}},"line":22}},"branchMap":{"0":{"loc":{"start":{"line":23,"column":2},"end":{"line":25,"column":3}},"type":"if","locations":[{"start":{"line":23,"column":2},"end":{"line":25,"column":3}},{"start":{"line":23,"column":2},"end":{"line":25,"column":3}}],"line":23}},"s":{"0":3,"1":3,"2":36,"3":8,"4":28},"f":{"0":36},"b":{"0":[8,28]},"_coverageSchema":"1a1c01bbd47fc00a2c39e90264f33305004495a9","hash":"06e910b00f0d3e5c7e81990c5ed5b751d9a1ebc1"}
,"/Users/eric/Documents/HackR/HRSF128/Reviews/client/components/Review.jsx": {"path":"/Users/eric/Documents/HackR/HRSF128/Reviews/client/components/Review.jsx","statementMap":{"0":{"start":{"line":13,"column":4},"end":{"line":13,"column":17}},"1":{"start":{"line":14,"column":4},"end":{"line":16,"column":6}},"2":{"start":{"line":17,"column":4},"end":{"line":17,"column":57}},"3":{"start":{"line":21,"column":4},"end":{"line":23,"column":8}},"4":{"start":{"line":21,"column":25},"end":{"line":23,"column":5}},"5":{"start":{"line":27,"column":30},"end":{"line":27,"column":40}},"6":{"start":{"line":28,"column":26},"end":{"line":28,"column":47}},"7":{"start":{"line":29,"column":25},"end":{"line":29,"column":35}},"8":{"start":{"line":30,"column":22},"end":{"line":30,"column":66}},"9":{"start":{"line":31,"column":4},"end":{"line":52,"column":6}}},"fnMap":{"0":{"name":"(anonymous_0)","decl":{"start":{"line":12,"column":2},"end":{"line":12,"column":3}},"loc":{"start":{"line":12,"column":21},"end":{"line":18,"column":3}},"line":12},"1":{"name":"(anonymous_1)","decl":{"start":{"line":20,"column":2},"end":{"line":20,"column":3}},"loc":{"start":{"line":20,"column":19},"end":{"line":24,"column":3}},"line":20},"2":{"name":"(anonymous_2)","decl":{"start":{"line":21,"column":18},"end":{"line":21,"column":19}},"loc":{"start":{"line":21,"column":25},"end":{"line":23,"column":5}},"line":21},"3":{"name":"(anonymous_3)","decl":{"start":{"line":26,"column":2},"end":{"line":26,"column":3}},"loc":{"start":{"line":26,"column":11},"end":{"line":53,"column":3}},"line":26}},"branchMap":{"0":{"loc":{"start":{"line":47,"column":13},"end":{"line":47,"column":115}},"type":"cond-expr","locations":[{"start":{"line":47,"column":24},"end":{"line":47,"column":69}},{"start":{"line":47,"column":72},"end":{"line":47,"column":115}}],"line":47},"1":{"loc":{"start":{"line":48,"column":13},"end":{"line":48,"column":117}},"type":"cond-expr","locations":[{"start":{"line":48,"column":25},"end":{"line":48,"column":110}},{"start":{"line":48,"column":113},"end":{"line":48,"column":117}}],"line":48}},"s":{"0":37,"1":37,"2":37,"3":1,"4":1,"5":38,"6":38,"7":38,"8":38,"9":38},"f":{"0":37,"1":1,"2":1,"3":38},"b":{"0":[1,37],"1":[37,1]},"_coverageSchema":"1a1c01bbd47fc00a2c39e90264f33305004495a9","hash":"4b5a7647c09991a2c7bc2f4f0505427234b33242"}
,"/Users/eric/Documents/HackR/HRSF128/Reviews/client/components/ReviewList.jsx": {"path":"/Users/eric/Documents/HackR/HRSF128/Reviews/client/components/ReviewList.jsx","statementMap":{"0":{"start":{"line":7,"column":16},"end":{"line":15,"column":1}},"1":{"start":{"line":8,"column":22},"end":{"line":8,"column":51}},"2":{"start":{"line":9,"column":26},"end":{"line":9,"column":56}},"3":{"start":{"line":12,"column":25},"end":{"line":12,"column":67}},"4":{"start":{"line":17,"column":19},"end":{"line":30,"column":1}},"5":{"start":{"line":18,"column":21},"end":{"line":18,"column":40}},"6":{"start":{"line":19,"column":2},"end":{"line":21,"column":3}},"7":{"start":{"line":20,"column":4},"end":{"line":20,"column":27}},"8":{"start":{"line":23,"column":2},"end":{"line":29,"column":4}},"9":{"start":{"line":26,"column":8},"end":{"line":26,"column":56}}},"fnMap":{"0":{"name":"(anonymous_0)","decl":{"start":{"line":8,"column":12},"end":{"line":8,"column":13}},"loc":{"start":{"line":8,"column":22},"end":{"line":8,"column":51}},"line":8},"1":{"name":"(anonymous_1)","decl":{"start":{"line":9,"column":16},"end":{"line":9,"column":17}},"loc":{"start":{"line":9,"column":26},"end":{"line":9,"column":56}},"line":9},"2":{"name":"(anonymous_2)","decl":{"start":{"line":12,"column":15},"end":{"line":12,"column":16}},"loc":{"start":{"line":12,"column":25},"end":{"line":12,"column":67}},"line":12},"3":{"name":"(anonymous_3)","decl":{"start":{"line":17,"column":19},"end":{"line":17,"column":20}},"loc":{"start":{"line":17,"column":43},"end":{"line":30,"column":1}},"line":17},"4":{"name":"(anonymous_4)","decl":{"start":{"line":25,"column":24},"end":{"line":25,"column":25}},"loc":{"start":{"line":26,"column":8},"end":{"line":26,"column":56}},"line":26}},"branchMap":{"0":{"loc":{"start":{"line":8,"column":22},"end":{"line":8,"column":51}},"type":"cond-expr","locations":[{"start":{"line":8,"column":36},"end":{"line":8,"column":42}},{"start":{"line":8,"column":45},"end":{"line":8,"column":51}}],"line":8},"1":{"loc":{"start":{"line":9,"column":26},"end":{"line":9,"column":56}},"type":"cond-expr","locations":[{"start":{"line":9,"column":40},"end":{"line":9,"column":46}},{"start":{"line":9,"column":49},"end":{"line":9,"column":56}}],"line":9},"2":{"loc":{"start":{"line":12,"column":25},"end":{"line":12,"column":67}},"type":"cond-expr","locations":[{"start":{"line":12,"column":39},"end":{"line":12,"column":54}},{"start":{"line":12,"column":57},"end":{"line":12,"column":67}}],"line":12},"3":{"loc":{"start":{"line":19,"column":2},"end":{"line":21,"column":3}},"type":"if","locations":[{"start":{"line":19,"column":2},"end":{"line":21,"column":3}},{"start":{"line":19,"column":2},"end":{"line":21,"column":3}}],"line":19}},"s":{"0":2,"1":2,"2":2,"3":2,"4":2,"5":2,"6":2,"7":1,"8":2,"9":36},"f":{"0":2,"1":2,"2":2,"3":2,"4":36},"b":{"0":[1,1],"1":[1,1],"2":[1,1],"3":[1,1]},"_coverageSchema":"1a1c01bbd47fc00a2c39e90264f33305004495a9","hash":"8e8abda8b7401e70a5246115f9da88ee1db3b7ba"}
,"/Users/eric/Documents/HackR/HRSF128/Reviews/client/components/ReviewStyle.jsx": {"path":"/Users/eric/Documents/HackR/HRSF128/Reviews/client/components/ReviewStyle.jsx","statementMap":{"0":{"start":{"line":3,"column":23},"end":{"line":9,"column":1}},"1":{"start":{"line":6,"column":21},"end":{"line":6,"column":49}},"2":{"start":{"line":8,"column":28},"end":{"line":8,"column":56}},"3":{"start":{"line":12,"column":29},"end":{"line":15,"column":1}},"4":{"start":{"line":17,"column":24},"end":{"line":24,"column":1}},"5":{"start":{"line":26,"column":28},"end":{"line":28,"column":1}},"6":{"start":{"line":30,"column":31},"end":{"line":36,"column":1}},"7":{"start":{"line":37,"column":27},"end":{"line":41,"column":1}},"8":{"start":{"line":43,"column":23},"end":{"line":47,"column":1}},"9":{"start":{"line":48,"column":21},"end":{"line":52,"column":1}},"10":{"start":{"line":55,"column":20},"end":{"line":68,"column":1}},"11":{"start":{"line":62,"column":25},"end":{"line":62,"column":56}},"12":{"start":{"line":70,"column":28},"end":{"line":78,"column":1}},"13":{"start":{"line":77,"column":25},"end":{"line":77,"column":56}}},"fnMap":{"0":{"name":"(anonymous_0)","decl":{"start":{"line":6,"column":11},"end":{"line":6,"column":12}},"loc":{"start":{"line":6,"column":21},"end":{"line":6,"column":49}},"line":6},"1":{"name":"(anonymous_1)","decl":{"start":{"line":8,"column":18},"end":{"line":8,"column":19}},"loc":{"start":{"line":8,"column":28},"end":{"line":8,"column":56}},"line":8},"2":{"name":"(anonymous_2)","decl":{"start":{"line":62,"column":15},"end":{"line":62,"column":16}},"loc":{"start":{"line":62,"column":25},"end":{"line":62,"column":56}},"line":62},"3":{"name":"(anonymous_3)","decl":{"start":{"line":77,"column":15},"end":{"line":77,"column":16}},"loc":{"start":{"line":77,"column":25},"end":{"line":77,"column":56}},"line":77}},"branchMap":{"0":{"loc":{"start":{"line":6,"column":21},"end":{"line":6,"column":49}},"type":"cond-expr","locations":[{"start":{"line":6,"column":35},"end":{"line":6,"column":41}},{"start":{"line":6,"column":44},"end":{"line":6,"column":49}}],"line":6},"1":{"loc":{"start":{"line":8,"column":28},"end":{"line":8,"column":56}},"type":"cond-expr","locations":[{"start":{"line":8,"column":42},"end":{"line":8,"column":47}},{"start":{"line":8,"column":50},"end":{"line":8,"column":56}}],"line":8},"2":{"loc":{"start":{"line":62,"column":25},"end":{"line":62,"column":56}},"type":"cond-expr","locations":[{"start":{"line":62,"column":39},"end":{"line":62,"column":46}},{"start":{"line":62,"column":49},"end":{"line":62,"column":56}}],"line":62},"3":{"loc":{"start":{"line":77,"column":25},"end":{"line":77,"column":56}},"type":"cond-expr","locations":[{"start":{"line":77,"column":39},"end":{"line":77,"column":46}},{"start":{"line":77,"column":49},"end":{"line":77,"column":56}}],"line":77}},"s":{"0":3,"1":36,"2":36,"3":3,"4":3,"5":3,"6":3,"7":3,"8":3,"9":3,"10":3,"11":36,"12":3,"13":0},"f":{"0":36,"1":36,"2":36,"3":0},"b":{"0":[30,6],"1":[30,6],"2":[30,6],"3":[0,0]},"_coverageSchema":"1a1c01bbd47fc00a2c39e90264f33305004495a9","hash":"0e58a0d013c7e605c8c78f6dd8e7df6c7460f51d"}
,"/Users/eric/Documents/HackR/HRSF128/Reviews/client/components/Stars.jsx": {"path":"/Users/eric/Documents/HackR/HRSF128/Reviews/client/components/Stars.jsx","statementMap":{"0":{"start":{"line":9,"column":14},"end":{"line":27,"column":1}},"1":{"start":{"line":10,"column":2},"end":{"line":26,"column":12}}},"fnMap":{"0":{"name":"(anonymous_0)","decl":{"start":{"line":9,"column":14},"end":{"line":9,"column":15}},"loc":{"start":{"line":10,"column":2},"end":{"line":26,"column":12}},"line":10}},"branchMap":{},"s":{"0":2,"1":12},"f":{"0":12},"b":{},"_coverageSchema":"1a1c01bbd47fc00a2c39e90264f33305004495a9","hash":"d1b3173b0538e3a6a678fcc5cf0fd31de734b8a9"}
,"/Users/eric/Documents/HackR/HRSF128/Reviews/client/components/StarsList.jsx": {"path":"/Users/eric/Documents/HackR/HRSF128/Reviews/client/components/StarsList.jsx","statementMap":{"0":{"start":{"line":5,"column":16},"end":{"line":10,"column":1}},"1":{"start":{"line":7,"column":22},"end":{"line":7,"column":63}},"2":{"start":{"line":13,"column":18},"end":{"line":30,"column":1}},"3":{"start":{"line":14,"column":20},"end":{"line":14,"column":97}},"4":{"start":{"line":15,"column":18},"end":{"line":22,"column":3}},"5":{"start":{"line":23,"column":2},"end":{"line":29,"column":4}},"6":{"start":{"line":26,"column":8},"end":{"line":26,"column":88}}},"fnMap":{"0":{"name":"(anonymous_0)","decl":{"start":{"line":7,"column":12},"end":{"line":7,"column":13}},"loc":{"start":{"line":7,"column":22},"end":{"line":7,"column":63}},"line":7},"1":{"name":"(anonymous_1)","decl":{"start":{"line":13,"column":18},"end":{"line":13,"column":19}},"loc":{"start":{"line":13,"column":40},"end":{"line":30,"column":1}},"line":13},"2":{"name":"(anonymous_2)","decl":{"start":{"line":25,"column":21},"end":{"line":25,"column":22}},"loc":{"start":{"line":26,"column":8},"end":{"line":26,"column":88}},"line":26}},"branchMap":{"0":{"loc":{"start":{"line":7,"column":22},"end":{"line":7,"column":63}},"type":"cond-expr","locations":[{"start":{"line":7,"column":36},"end":{"line":7,"column":53}},{"start":{"line":7,"column":56},"end":{"line":7,"column":63}}],"line":7}},"s":{"0":2,"1":2,"2":2,"3":2,"4":2,"5":2,"6":12},"f":{"0":2,"1":2,"2":12},"b":{"0":[1,1]},"_coverageSchema":"1a1c01bbd47fc00a2c39e90264f33305004495a9","hash":"d7d79ee534db2beb96c49ad022c53ccbc5e4cbae"}
,"/Users/eric/Documents/HackR/HRSF128/Reviews/client/components/StarsStyle.jsx": {"path":"/Users/eric/Documents/HackR/HRSF128/Reviews/client/components/StarsStyle.jsx","statementMap":{"0":{"start":{"line":3,"column":23},"end":{"line":13,"column":1}},"1":{"start":{"line":4,"column":21},"end":{"line":4,"column":51}},"2":{"start":{"line":6,"column":28},"end":{"line":6,"column":56}},"3":{"start":{"line":10,"column":25},"end":{"line":10,"column":54}},"4":{"start":{"line":15,"column":29},"end":{"line":22,"column":1}},"5":{"start":{"line":16,"column":29},"end":{"line":16,"column":58}},"6":{"start":{"line":19,"column":29},"end":{"line":19,"column":58}},"7":{"start":{"line":20,"column":27},"end":{"line":20,"column":58}},"8":{"start":{"line":21,"column":31},"end":{"line":21,"column":75}},"9":{"start":{"line":24,"column":27},"end":{"line":26,"column":1}},"10":{"start":{"line":28,"column":26},"end":{"line":34,"column":1}},"11":{"start":{"line":35,"column":29},"end":{"line":42,"column":1}},"12":{"start":{"line":44,"column":19},"end":{"line":50,"column":1}},"13":{"start":{"line":52,"column":22},"end":{"line":56,"column":1}},"14":{"start":{"line":53,"column":20},"end":{"line":53,"column":32}}},"fnMap":{"0":{"name":"(anonymous_0)","decl":{"start":{"line":4,"column":11},"end":{"line":4,"column":12}},"loc":{"start":{"line":4,"column":21},"end":{"line":4,"column":51}},"line":4},"1":{"name":"(anonymous_1)","decl":{"start":{"line":6,"column":18},"end":{"line":6,"column":19}},"loc":{"start":{"line":6,"column":28},"end":{"line":6,"column":56}},"line":6},"2":{"name":"(anonymous_2)","decl":{"start":{"line":10,"column":15},"end":{"line":10,"column":16}},"loc":{"start":{"line":10,"column":25},"end":{"line":10,"column":54}},"line":10},"3":{"name":"(anonymous_3)","decl":{"start":{"line":16,"column":19},"end":{"line":16,"column":20}},"loc":{"start":{"line":16,"column":29},"end":{"line":16,"column":58}},"line":16},"4":{"name":"(anonymous_4)","decl":{"start":{"line":19,"column":19},"end":{"line":19,"column":20}},"loc":{"start":{"line":19,"column":29},"end":{"line":19,"column":58}},"line":19},"5":{"name":"(anonymous_5)","decl":{"start":{"line":20,"column":17},"end":{"line":20,"column":18}},"loc":{"start":{"line":20,"column":27},"end":{"line":20,"column":58}},"line":20},"6":{"name":"(anonymous_6)","decl":{"start":{"line":21,"column":21},"end":{"line":21,"column":22}},"loc":{"start":{"line":21,"column":31},"end":{"line":21,"column":75}},"line":21},"7":{"name":"(anonymous_7)","decl":{"start":{"line":53,"column":11},"end":{"line":53,"column":12}},"loc":{"start":{"line":53,"column":20},"end":{"line":53,"column":32}},"line":53}},"branchMap":{"0":{"loc":{"start":{"line":4,"column":21},"end":{"line":4,"column":51}},"type":"cond-expr","locations":[{"start":{"line":4,"column":35},"end":{"line":4,"column":41}},{"start":{"line":4,"column":44},"end":{"line":4,"column":51}}],"line":4},"1":{"loc":{"start":{"line":6,"column":28},"end":{"line":6,"column":56}},"type":"cond-expr","locations":[{"start":{"line":6,"column":42},"end":{"line":6,"column":47}},{"start":{"line":6,"column":50},"end":{"line":6,"column":56}}],"line":6},"2":{"loc":{"start":{"line":10,"column":25},"end":{"line":10,"column":54}},"type":"cond-expr","locations":[{"start":{"line":10,"column":39},"end":{"line":10,"column":45}},{"start":{"line":10,"column":48},"end":{"line":10,"column":54}}],"line":10},"3":{"loc":{"start":{"line":16,"column":29},"end":{"line":16,"column":58}},"type":"cond-expr","locations":[{"start":{"line":16,"column":43},"end":{"line":16,"column":49}},{"start":{"line":16,"column":52},"end":{"line":16,"column":58}}],"line":16},"4":{"loc":{"start":{"line":19,"column":29},"end":{"line":19,"column":58}},"type":"cond-expr","locations":[{"start":{"line":19,"column":43},"end":{"line":19,"column":49}},{"start":{"line":19,"column":52},"end":{"line":19,"column":58}}],"line":19},"5":{"loc":{"start":{"line":20,"column":27},"end":{"line":20,"column":58}},"type":"cond-expr","locations":[{"start":{"line":20,"column":41},"end":{"line":20,"column":49}},{"start":{"line":20,"column":52},"end":{"line":20,"column":58}}],"line":20},"6":{"loc":{"start":{"line":21,"column":31},"end":{"line":21,"column":75}},"type":"cond-expr","locations":[{"start":{"line":21,"column":45},"end":{"line":21,"column":60}},{"start":{"line":21,"column":63},"end":{"line":21,"column":75}}],"line":21}},"s":{"0":2,"1":12,"2":12,"3":12,"4":2,"5":12,"6":12,"7":12,"8":12,"9":2,"10":2,"11":2,"12":2,"13":2,"14":12},"f":{"0":12,"1":12,"2":12,"3":12,"4":12,"5":12,"6":12,"7":12},"b":{"0":[6,6],"1":[6,6],"2":[6,6],"3":[6,6],"4":[6,6],"5":[6,6],"6":[6,6]},"_coverageSchema":"1a1c01bbd47fc00a2c39e90264f33305004495a9","hash":"666aeffa61b3945a37ea2cd94202a0debbc63596"}
,"/Users/eric/Documents/HackR/HRSF128/Reviews/client/components/sampleData.js": {"path":"/Users/eric/Documents/HackR/HRSF128/Reviews/client/components/sampleData.js","statementMap":{"0":{"start":{"line":1,"column":19},"end":{"line":224,"column":1}}},"fnMap":{},"branchMap":{},"s":{"0":2},"f":{},"b":{},"_coverageSchema":"1a1c01bbd47fc00a2c39e90264f33305004495a9","hash":"df5b8aaf7f3b0ec3471dc5b9100c7d8df09468a1"}
,"/Users/eric/Documents/HackR/HRSF128/Reviews/client/fonts/fonts.js": {"path":"/Users/eric/Documents/HackR/HRSF128/Reviews/client/fonts/fonts.js","statementMap":{},"fnMap":{},"branchMap":{},"s":{},"f":{},"b":{},"_coverageSchema":"1a1c01bbd47fc00a2c39e90264f33305004495a9","hash":"ff37dcdf5efd5e9fa7d2d25b05a8e0e383272788"}
}
