{"/Users/eric/Documents/HackR/HRSF128/Reviews/client/components/App.jsx": {"path":"/Users/eric/Documents/HackR/HRSF128/Reviews/client/components/App.jsx","statementMap":{"0":{"start":{"line":11,"column":18},"end":{"line":15,"column":1}},"1":{"start":{"line":13,"column":28},"end":{"line":13,"column":65}},"2":{"start":{"line":18,"column":16},"end":{"line":26,"column":1}},"3":{"start":{"line":31,"column":4},"end":{"line":31,"column":17}},"4":{"start":{"line":32,"column":4},"end":{"line":36,"column":6}},"5":{"start":{"line":37,"column":4},"end":{"line":37,"column":57}},"6":{"start":{"line":38,"column":4},"end":{"line":38,"column":59}},"7":{"start":{"line":39,"column":4},"end":{"line":39,"column":59}},"8":{"start":{"line":43,"column":4},"end":{"line":43,"column":27}},"9":{"start":{"line":47,"column":4},"end":{"line":55,"column":5}},"10":{"start":{"line":48,"column":23},"end":{"line":48,"column":62}},"11":{"start":{"line":49,"column":6},"end":{"line":52,"column":10}},"12":{"start":{"line":49,"column":27},"end":{"line":52,"column":7}},"13":{"start":{"line":54,"column":6},"end":{"line":54,"column":23}},"14":{"start":{"line":59,"column":4},"end":{"line":61,"column":35}},"15":{"start":{"line":59,"column":25},"end":{"line":61,"column":5}},"16":{"start":{"line":65,"column":4},"end":{"line":67,"column":35}},"17":{"start":{"line":65,"column":25},"end":{"line":67,"column":5}},"18":{"start":{"line":72,"column":4},"end":{"line":72,"column":44}},"19":{"start":{"line":73,"column":47},"end":{"line":73,"column":57}},"20":{"start":{"line":74,"column":4},"end":{"line":86,"column":6}}},"fnMap":{"0":{"name":"(anonymous_0)","decl":{"start":{"line":13,"column":18},"end":{"line":13,"column":19}},"loc":{"start":{"line":13,"column":28},"end":{"line":13,"column":65}},"line":13},"1":{"name":"(anonymous_1)","decl":{"start":{"line":30,"column":2},"end":{"line":30,"column":3}},"loc":{"start":{"line":30,"column":21},"end":{"line":40,"column":3}},"line":30},"2":{"name":"(anonymous_2)","decl":{"start":{"line":42,"column":2},"end":{"line":42,"column":3}},"loc":{"start":{"line":42,"column":22},"end":{"line":44,"column":3}},"line":42},"3":{"name":"(anonymous_3)","decl":{"start":{"line":46,"column":2},"end":{"line":46,"column":3}},"loc":{"start":{"line":46,"column":27},"end":{"line":56,"column":3}},"line":46},"4":{"name":"(anonymous_4)","decl":{"start":{"line":49,"column":20},"end":{"line":49,"column":21}},"loc":{"start":{"line":49,"column":27},"end":{"line":52,"column":7}},"line":49},"5":{"name":"(anonymous_5)","decl":{"start":{"line":58,"column":2},"end":{"line":58,"column":3}},"loc":{"start":{"line":58,"column":20},"end":{"line":62,"column":3}},"line":58},"6":{"name":"(anonymous_6)","decl":{"start":{"line":59,"column":18},"end":{"line":59,"column":19}},"loc":{"start":{"line":59,"column":25},"end":{"line":61,"column":5}},"line":59},"7":{"name":"(anonymous_7)","decl":{"start":{"line":64,"column":2},"end":{"line":64,"column":3}},"loc":{"start":{"line":64,"column":20},"end":{"line":68,"column":3}},"line":64},"8":{"name":"(anonymous_8)","decl":{"start":{"line":65,"column":18},"end":{"line":65,"column":19}},"loc":{"start":{"line":65,"column":25},"end":{"line":67,"column":5}},"line":65},"9":{"name":"(anonymous_9)","decl":{"start":{"line":71,"column":2},"end":{"line":71,"column":3}},"loc":{"start":{"line":71,"column":11},"end":{"line":87,"column":3}},"line":71}},"branchMap":{"0":{"loc":{"start":{"line":13,"column":28},"end":{"line":13,"column":65}},"type":"cond-expr","locations":[{"start":{"line":13,"column":48},"end":{"line":13,"column":56}},{"start":{"line":13,"column":59},"end":{"line":13,"column":65}}],"line":13},"1":{"loc":{"start":{"line":79,"column":11},"end":{"line":79,"column":107}},"type":"cond-expr","locations":[{"start":{"line":79,"column":20},"end":{"line":79,"column":100}},{"start":{"line":79,"column":103},"end":{"line":79,"column":107}}],"line":79},"2":{"loc":{"start":{"line":80,"column":11},"end":{"line":80,"column":71}},"type":"cond-expr","locations":[{"start":{"line":80,"column":20},"end":{"line":80,"column":64}},{"start":{"line":80,"column":67},"end":{"line":80,"column":71}}],"line":80},"3":{"loc":{"start":{"line":81,"column":11},"end":{"line":81,"column":71}},"type":"cond-expr","locations":[{"start":{"line":81,"column":20},"end":{"line":81,"column":64}},{"start":{"line":81,"column":67},"end":{"line":81,"column":71}}],"line":81},"4":{"loc":{"start":{"line":82,"column":11},"end":{"line":82,"column":117}},"type":"cond-expr","locations":[{"start":{"line":82,"column":20},"end":{"line":82,"column":110}},{"start":{"line":82,"column":113},"end":{"line":82,"column":117}}],"line":82}},"s":{"0":1,"1":1,"2":1,"3":1,"4":1,"5":1,"6":1,"7":1,"8":1,"9":1,"10":1,"11":0,"12":0,"13":0,"14":0,"15":0,"16":0,"17":0,"18":1,"19":1,"20":1},"f":{"0":1,"1":1,"2":1,"3":1,"4":0,"5":0,"6":0,"7":0,"8":0,"9":1},"b":{"0":[0,1],"1":[0,1],"2":[0,1],"3":[0,1],"4":[0,1]},"_coverageSchema":"1a1c01bbd47fc00a2c39e90264f33305004495a9","hash":"b61a959235a003d67a2a0c5d117b6c0d0ed7eac6"}
,"/Users/eric/Documents/HackR/HRSF128/Reviews/client/components/Modal.jsx": {"path":"/Users/eric/Documents/HackR/HRSF128/Reviews/client/components/Modal.jsx","statementMap":{"0":{"start":{"line":4,"column":24},"end":{"line":21,"column":1}},"1":{"start":{"line":23,"column":23},"end":{"line":31,"column":1}},"2":{"start":{"line":33,"column":17},"end":{"line":48,"column":1}},"3":{"start":{"line":50,"column":14},"end":{"line":63,"column":1}},"4":{"start":{"line":51,"column":2},"end":{"line":53,"column":3}},"5":{"start":{"line":52,"column":4},"end":{"line":52,"column":16}},"6":{"start":{"line":54,"column":2},"end":{"line":62,"column":4}},"7":{"start":{"line":55,"column":36},"end":{"line":55,"column":53}}},"fnMap":{"0":{"name":"(anonymous_0)","decl":{"start":{"line":50,"column":14},"end":{"line":50,"column":15}},"loc":{"start":{"line":50,"column":50},"end":{"line":63,"column":1}},"line":50},"1":{"name":"(anonymous_1)","decl":{"start":{"line":55,"column":30},"end":{"line":55,"column":31}},"loc":{"start":{"line":55,"column":36},"end":{"line":55,"column":53}},"line":55}},"branchMap":{"0":{"loc":{"start":{"line":51,"column":2},"end":{"line":53,"column":3}},"type":"if","locations":[{"start":{"line":51,"column":2},"end":{"line":53,"column":3}},{"start":{"line":51,"column":2},"end":{"line":53,"column":3}}],"line":51}},"s":{"0":1,"1":1,"2":1,"3":1,"4":1,"5":1,"6":0,"7":0},"f":{"0":1,"1":0},"b":{"0":[1,0]},"_coverageSchema":"1a1c01bbd47fc00a2c39e90264f33305004495a9","hash":"08268e02dd1e1ceb4b2783126bd061d2521f4224"}
,"/Users/eric/Documents/HackR/HRSF128/Reviews/client/components/MoreReviews.jsx": {"path":"/Users/eric/Documents/HackR/HRSF128/Reviews/client/components/MoreReviews.jsx","statementMap":{"0":{"start":{"line":4,"column":16},"end":{"line":7,"column":1}},"1":{"start":{"line":9,"column":15},"end":{"line":25,"column":1}},"2":{"start":{"line":27,"column":20},"end":{"line":33,"column":1}},"3":{"start":{"line":28,"column":2},"end":{"line":32,"column":4}},"4":{"start":{"line":30,"column":29},"end":{"line":30,"column":46}}},"fnMap":{"0":{"name":"(anonymous_0)","decl":{"start":{"line":27,"column":20},"end":{"line":27,"column":21}},"loc":{"start":{"line":27,"column":53},"end":{"line":33,"column":1}},"line":27},"1":{"name":"(anonymous_1)","decl":{"start":{"line":30,"column":23},"end":{"line":30,"column":24}},"loc":{"start":{"line":30,"column":29},"end":{"line":30,"column":46}},"line":30}},"branchMap":{},"s":{"0":1,"1":1,"2":1,"3":0,"4":0},"f":{"0":0,"1":0},"b":{},"_coverageSchema":"1a1c01bbd47fc00a2c39e90264f33305004495a9","hash":"d85c6935f121f37226f24154000c3742dd4dde64"}
,"/Users/eric/Documents/HackR/HRSF128/Reviews/client/components/OverallStars.jsx": {"path":"/Users/eric/Documents/HackR/HRSF128/Reviews/client/components/OverallStars.jsx","statementMap":{"0":{"start":{"line":5,"column":16},"end":{"line":12,"column":1}},"1":{"start":{"line":14,"column":17},"end":{"line":16,"column":1}},"2":{"start":{"line":18,"column":17},"end":{"line":20,"column":1}},"3":{"start":{"line":22,"column":13},"end":{"line":25,"column":1}},"4":{"start":{"line":27,"column":21},"end":{"line":37,"column":1}},"5":{"start":{"line":28,"column":2},"end":{"line":36,"column":12}}},"fnMap":{"0":{"name":"(anonymous_0)","decl":{"start":{"line":27,"column":21},"end":{"line":27,"column":22}},"loc":{"start":{"line":28,"column":2},"end":{"line":36,"column":12}},"line":28}},"branchMap":{},"s":{"0":1,"1":1,"2":1,"3":1,"4":1,"5":0},"f":{"0":0},"b":{},"_coverageSchema":"1a1c01bbd47fc00a2c39e90264f33305004495a9","hash":"4163877bddf22f23a339caae0ea59e71d8fc8129"}
,"/Users/eric/Documents/HackR/HRSF128/Reviews/client/components/Review.jsx": {"path":"/Users/eric/Documents/HackR/HRSF128/Reviews/client/components/Review.jsx","statementMap":{"0":{"start":{"line":6,"column":16},"end":{"line":11,"column":1}},"1":{"start":{"line":13,"column":22},"end":{"line":16,"column":1}},"2":{"start":{"line":18,"column":17},"end":{"line":25,"column":1}},"3":{"start":{"line":26,"column":21},"end":{"line":29,"column":1}},"4":{"start":{"line":31,"column":24},"end":{"line":37,"column":1}},"5":{"start":{"line":38,"column":20},"end":{"line":42,"column":1}},"6":{"start":{"line":44,"column":16},"end":{"line":48,"column":1}},"7":{"start":{"line":49,"column":14},"end":{"line":53,"column":1}},"8":{"start":{"line":55,"column":13},"end":{"line":65,"column":1}},"9":{"start":{"line":68,"column":15},"end":{"line":98,"column":1}},"10":{"start":{"line":69,"column":20},"end":{"line":69,"column":64}},"11":{"start":{"line":70,"column":2},"end":{"line":97,"column":4}}},"fnMap":{"0":{"name":"(anonymous_0)","decl":{"start":{"line":68,"column":15},"end":{"line":68,"column":16}},"loc":{"start":{"line":68,"column":31},"end":{"line":98,"column":1}},"line":68}},"branchMap":{},"s":{"0":1,"1":1,"2":1,"3":1,"4":1,"5":1,"6":1,"7":1,"8":1,"9":1,"10":0,"11":0},"f":{"0":0},"b":{},"_coverageSchema":"1a1c01bbd47fc00a2c39e90264f33305004495a9","hash":"f2f4d68e75a9e80d878a6d2c84838a955ad243e2"}
,"/Users/eric/Documents/HackR/HRSF128/Reviews/client/components/ReviewList.jsx": {"path":"/Users/eric/Documents/HackR/HRSF128/Reviews/client/components/ReviewList.jsx","statementMap":{"0":{"start":{"line":6,"column":16},"end":{"line":10,"column":1}},"1":{"start":{"line":12,"column":19},"end":{"line":22,"column":1}},"2":{"start":{"line":13,"column":23},"end":{"line":13,"column":42}},"3":{"start":{"line":14,"column":2},"end":{"line":14,"column":28}},"4":{"start":{"line":15,"column":2},"end":{"line":21,"column":4}},"5":{"start":{"line":18,"column":8},"end":{"line":18,"column":42}}},"fnMap":{"0":{"name":"(anonymous_0)","decl":{"start":{"line":12,"column":19},"end":{"line":12,"column":20}},"loc":{"start":{"line":12,"column":36},"end":{"line":22,"column":1}},"line":12},"1":{"name":"(anonymous_1)","decl":{"start":{"line":17,"column":24},"end":{"line":17,"column":25}},"loc":{"start":{"line":18,"column":8},"end":{"line":18,"column":42}},"line":18}},"branchMap":{},"s":{"0":1,"1":1,"2":0,"3":0,"4":0,"5":0},"f":{"0":0,"1":0},"b":{},"_coverageSchema":"1a1c01bbd47fc00a2c39e90264f33305004495a9","hash":"620deaa5c904a1d8639eb02cbd4ab536d16b72af"}
,"/Users/eric/Documents/HackR/HRSF128/Reviews/client/components/Stars.jsx": {"path":"/Users/eric/Documents/HackR/HRSF128/Reviews/client/components/Stars.jsx","statementMap":{"0":{"start":{"line":5,"column":16},"end":{"line":15,"column":1}},"1":{"start":{"line":17,"column":22},"end":{"line":22,"column":1}},"2":{"start":{"line":25,"column":20},"end":{"line":27,"column":1}},"3":{"start":{"line":28,"column":19},"end":{"line":34,"column":1}},"4":{"start":{"line":35,"column":22},"end":{"line":42,"column":1}},"5":{"start":{"line":44,"column":12},"end":{"line":50,"column":1}},"6":{"start":{"line":52,"column":15},"end":{"line":56,"column":1}},"7":{"start":{"line":53,"column":20},"end":{"line":53,"column":32}},"8":{"start":{"line":58,"column":14},"end":{"line":76,"column":1}},"9":{"start":{"line":59,"column":2},"end":{"line":75,"column":12}}},"fnMap":{"0":{"name":"(anonymous_0)","decl":{"start":{"line":53,"column":11},"end":{"line":53,"column":12}},"loc":{"start":{"line":53,"column":20},"end":{"line":53,"column":32}},"line":53},"1":{"name":"(anonymous_1)","decl":{"start":{"line":58,"column":14},"end":{"line":58,"column":15}},"loc":{"start":{"line":59,"column":2},"end":{"line":75,"column":12}},"line":59}},"branchMap":{},"s":{"0":1,"1":1,"2":1,"3":1,"4":1,"5":1,"6":1,"7":0,"8":1,"9":0},"f":{"0":0,"1":0},"b":{},"_coverageSchema":"1a1c01bbd47fc00a2c39e90264f33305004495a9","hash":"a1b38b6193841120070924f34bf3494028b0fe37"}
,"/Users/eric/Documents/HackR/HRSF128/Reviews/client/components/StarsList.jsx": {"path":"/Users/eric/Documents/HackR/HRSF128/Reviews/client/components/StarsList.jsx","statementMap":{"0":{"start":{"line":5,"column":16},"end":{"line":10,"column":1}},"1":{"start":{"line":13,"column":18},"end":{"line":30,"column":1}},"2":{"start":{"line":14,"column":20},"end":{"line":14,"column":97}},"3":{"start":{"line":15,"column":18},"end":{"line":22,"column":3}},"4":{"start":{"line":23,"column":2},"end":{"line":29,"column":4}},"5":{"start":{"line":26,"column":8},"end":{"line":26,"column":74}}},"fnMap":{"0":{"name":"(anonymous_0)","decl":{"start":{"line":13,"column":18},"end":{"line":13,"column":19}},"loc":{"start":{"line":13,"column":33},"end":{"line":30,"column":1}},"line":13},"1":{"name":"(anonymous_1)","decl":{"start":{"line":25,"column":21},"end":{"line":25,"column":22}},"loc":{"start":{"line":26,"column":8},"end":{"line":26,"column":74}},"line":26}},"branchMap":{},"s":{"0":1,"1":1,"2":0,"3":0,"4":0,"5":0},"f":{"0":0,"1":0},"b":{},"_coverageSchema":"1a1c01bbd47fc00a2c39e90264f33305004495a9","hash":"f97decfffeae58dc831842e3d68b9d9f7349715f"}
,"/Users/eric/Documents/HackR/HRSF128/Reviews/client/fonts/fonts.js": {"path":"/Users/eric/Documents/HackR/HRSF128/Reviews/client/fonts/fonts.js","statementMap":{},"fnMap":{},"branchMap":{},"s":{},"f":{},"b":{},"_coverageSchema":"1a1c01bbd47fc00a2c39e90264f33305004495a9","hash":"ff37dcdf5efd5e9fa7d2d25b05a8e0e383272788"}
}
