TN:
SF:jest.config.js
FNF:0
FNH:0
DA:1,1
LF:1
LH:1
BRF:0
BRH:0
end_of_record
TN:
SF:client/components/App.jsx
FN:7,(anonymous_0)
FN:8,(anonymous_1)
FN:9,(anonymous_2)
FN:10,(anonymous_3)
FN:11,(anonymous_4)
FN:28,(anonymous_5)
FN:41,(anonymous_6)
FN:45,(anonymous_7)
FN:48,(anonymous_8)
FN:57,(anonymous_9)
FN:58,(anonymous_10)
FN:63,(anonymous_11)
FN:64,(anonymous_12)
FN:69,(anonymous_13)
FNF:14
FNH:9
FNDA:1,(anonymous_0)
FNDA:1,(anonymous_1)
FNDA:1,(anonymous_2)
FNDA:1,(anonymous_3)
FNDA:1,(anonymous_4)
FNDA:2,(anonymous_5)
FNDA:2,(anonymous_6)
FNDA:2,(anonymous_7)
FNDA:0,(anonymous_8)
FNDA:0,(anonymous_9)
FNDA:0,(anonymous_10)
FNDA:0,(anonymous_11)
FNDA:0,(anonymous_12)
FNDA:3,(anonymous_13)
DA:7,1
DA:8,1
DA:9,1
DA:10,1
DA:11,1
DA:15,1
DA:29,2
DA:30,2
DA:36,2
DA:37,2
DA:38,2
DA:42,2
DA:46,2
DA:47,2
DA:48,0
DA:53,0
DA:58,0
DA:64,0
DA:71,3
DA:72,3
LF:20
LH:16
BRF:0
BRH:0
end_of_record
TN:
SF:client/components/GlobalStyle.jsx
FN:5,(anonymous_0)
FNF:1
FNH:1
FNDA:3,(anonymous_0)
DA:3,1
DA:5,3
LF:2
LH:2
BRDA:5,0,0,1
BRDA:5,0,1,2
BRF:2
BRH:2
end_of_record
TN:
SF:client/components/Modal.jsx
FN:6,(anonymous_0)
FN:8,(anonymous_1)
FN:15,(anonymous_2)
FNF:3
FNH:3
FNDA:1,(anonymous_0)
FNDA:4,(anonymous_1)
FNDA:1,(anonymous_2)
DA:6,2
DA:8,2
DA:9,4
DA:10,2
DA:12,2
DA:15,1
LF:6
LH:6
BRDA:9,0,0,2
BRDA:9,0,1,2
BRF:2
BRH:2
end_of_record
TN:
SF:client/components/ModalButton.jsx
FN:7,(anonymous_0)
FNF:1
FNH:1
FNDA:2,(anonymous_0)
DA:7,3
DA:8,2
LF:2
LH:2
BRF:0
BRH:0
end_of_record
TN:
SF:client/components/ModalButtonStyle.jsx
FN:55,(anonymous_0)
FN:64,(anonymous_1)
FN:68,(anonymous_2)
FNF:3
FNH:3
FNDA:2,(anonymous_0)
FNDA:2,(anonymous_1)
FNDA:2,(anonymous_2)
DA:3,3
DA:17,3
DA:46,3
DA:55,3
DA:64,3
DA:68,3
LF:6
LH:6
BRF:0
BRH:0
end_of_record
TN:
SF:client/components/ModalContent.jsx
FN:4,(anonymous_0)
FN:7,(anonymous_1)
FN:8,(anonymous_2)
FN:44,(anonymous_3)
FNF:4
FNH:0
FNDA:0,(anonymous_0)
FNDA:0,(anonymous_1)
FNDA:0,(anonymous_2)
FNDA:0,(anonymous_3)
DA:4,1
DA:7,1
DA:8,1
DA:10,1
DA:18,1
DA:25,1
DA:35,1
DA:44,1
DA:45,0
LF:9
LH:8
BRF:0
BRH:0
end_of_record
TN:
SF:client/components/ModalStyle.jsx
FNF:0
FNH:0
DA:3,2
DA:23,2
DA:37,2
LF:3
LH:3
BRF:0
BRH:0
end_of_record
TN:
SF:client/components/ModalTop.jsx
FNF:0
FNH:0
DA:3,2
LF:1
LH:1
BRF:0
BRH:0
end_of_record
TN:
SF:client/components/MoreReviews.jsx
FN:27,(anonymous_0)
FN:30,(anonymous_1)
FNF:2
FNH:2
FNDA:3,(anonymous_0)
FNDA:1,(anonymous_1)
DA:4,2
DA:9,2
DA:27,2
DA:28,3
DA:30,1
LF:5
LH:5
BRF:0
BRH:0
end_of_record
TN:
SF:client/components/OverallStars.jsx
FN:6,(anonymous_0)
FNF:1
FNH:1
FNDA:2,(anonymous_0)
DA:6,1
DA:7,2
LF:2
LH:2
BRF:0
BRH:0
end_of_record
TN:
SF:client/components/OverallStarsStyle.jsx
FN:5,(anonymous_0)
FN:7,(anonymous_1)
FN:10,(anonymous_2)
FN:11,(anonymous_3)
FN:23,(anonymous_4)
FN:24,(anonymous_5)
FNF:6
FNH:6
FNDA:2,(anonymous_0)
FNDA:2,(anonymous_1)
FNDA:2,(anonymous_2)
FNDA:2,(anonymous_3)
FNDA:2,(anonymous_4)
FNDA:2,(anonymous_5)
DA:3,1
DA:5,2
DA:7,2
DA:10,2
DA:11,2
DA:14,1
DA:18,1
DA:22,1
DA:23,2
DA:24,2
LF:10
LH:10
BRDA:5,0,0,0
BRDA:5,0,1,2
BRDA:7,1,0,0
BRDA:7,1,1,2
BRDA:10,2,0,0
BRDA:10,2,1,2
BRDA:11,3,0,0
BRDA:11,3,1,2
BRDA:23,4,0,0
BRDA:23,4,1,2
BRDA:24,5,0,0
BRDA:24,5,1,2
BRF:12
BRH:6
end_of_record
TN:
SF:client/components/Review.jsx
FN:3,(anonymous_0)
FN:9,(anonymous_1)
FNF:2
FNH:1
FNDA:0,(anonymous_0)
FNDA:1,(anonymous_1)
DA:3,1
DA:9,1
DA:10,1
DA:11,1
LF:4
LH:4
BRF:0
BRH:0
end_of_record
TN:
SF:client/components/ReviewList.jsx
FN:6,(anonymous_0)
FN:10,(anonymous_1)
FN:11,(anonymous_2)
FN:14,(anonymous_3)
FN:19,(anonymous_4)
FN:27,(anonymous_5)
FNF:6
FNH:5
FNDA:0,(anonymous_0)
FNDA:1,(anonymous_1)
FNDA:1,(anonymous_2)
FNDA:1,(anonymous_3)
FNDA:1,(anonymous_4)
FNDA:6,(anonymous_5)
DA:6,1
DA:9,1
DA:10,1
DA:11,1
DA:14,1
DA:19,1
DA:20,1
DA:21,1
DA:22,0
DA:24,1
DA:28,6
LF:11
LH:10
BRDA:10,0,0,0
BRDA:10,0,1,1
BRDA:11,1,0,0
BRDA:11,1,1,1
BRDA:14,2,0,0
BRDA:14,2,1,1
BRDA:21,3,0,0
BRDA:21,3,1,1
BRF:8
BRH:4
end_of_record
TN:
SF:client/components/ReviewStyle.jsx
FN:6,(anonymous_0)
FN:8,(anonymous_1)
FN:63,(anonymous_2)
FN:78,(anonymous_3)
FNF:4
FNH:0
FNDA:0,(anonymous_0)
FNDA:0,(anonymous_1)
FNDA:0,(anonymous_2)
FNDA:0,(anonymous_3)
DA:3,1
DA:6,0
DA:8,0
DA:12,1
DA:17,1
DA:26,1
DA:30,1
DA:38,1
DA:44,1
DA:49,1
DA:56,1
DA:63,0
DA:71,1
DA:78,0
LF:14
LH:10
BRDA:6,0,0,0
BRDA:6,0,1,0
BRDA:8,1,0,0
BRDA:8,1,1,0
BRDA:63,2,0,0
BRDA:63,2,1,0
BRDA:78,3,0,0
BRDA:78,3,1,0
BRF:8
BRH:0
end_of_record
TN:
SF:client/components/Stars.jsx
FN:8,(anonymous_0)
FNF:1
FNH:0
FNDA:0,(anonymous_0)
DA:8,1
DA:9,0
LF:2
LH:1
BRF:0
BRH:0
end_of_record
TN:
SF:client/components/StarsList.jsx
FN:3,(anonymous_0)
FN:7,(anonymous_1)
FN:12,(anonymous_2)
FN:25,(anonymous_3)
FNF:4
FNH:4
FNDA:1,(anonymous_0)
FNDA:1,(anonymous_1)
FNDA:1,(anonymous_2)
FNDA:6,(anonymous_3)
DA:3,1
DA:5,1
DA:7,1
DA:12,1
DA:13,1
DA:14,1
DA:22,1
DA:26,6
LF:8
LH:8
BRDA:7,0,0,0
BRDA:7,0,1,1
BRF:2
BRH:1
end_of_record
TN:
SF:client/components/StarsStyle.jsx
FN:4,(anonymous_0)
FN:6,(anonymous_1)
FN:10,(anonymous_2)
FN:16,(anonymous_3)
FN:19,(anonymous_4)
FN:20,(anonymous_5)
FN:21,(anonymous_6)
FN:53,(anonymous_7)
FNF:8
FNH:0
FNDA:0,(anonymous_0)
FNDA:0,(anonymous_1)
FNDA:0,(anonymous_2)
FNDA:0,(anonymous_3)
FNDA:0,(anonymous_4)
FNDA:0,(anonymous_5)
FNDA:0,(anonymous_6)
FNDA:0,(anonymous_7)
DA:3,1
DA:4,0
DA:6,0
DA:10,0
DA:15,1
DA:16,0
DA:19,0
DA:20,0
DA:21,0
DA:24,1
DA:28,1
DA:35,1
DA:44,1
DA:52,1
DA:53,0
LF:15
LH:7
BRDA:4,0,0,0
BRDA:4,0,1,0
BRDA:6,1,0,0
BRDA:6,1,1,0
BRDA:10,2,0,0
BRDA:10,2,1,0
BRDA:16,3,0,0
BRDA:16,3,1,0
BRDA:19,4,0,0
BRDA:19,4,1,0
BRDA:20,5,0,0
BRDA:20,5,1,0
BRDA:21,6,0,0
BRDA:21,6,1,0
BRF:14
BRH:0
end_of_record
TN:
SF:client/components/sampleData.js
FNF:0
FNH:0
DA:1,2
LF:1
LH:1
BRF:0
BRH:0
end_of_record
TN:
SF:client/fonts/fonts.js
FNF:0
FNH:0
LF:0
LH:0
BRF:0
BRH:0
end_of_record
