TN:
SF:jest.config.js
FNF:0
FNH:0
DA:1,1
LF:1
LH:1
BRF:0
BRH:0
end_of_record
TN:
SF:client/components/App.jsx
FN:27,(anonymous_0)
FN:39,(anonymous_1)
FN:43,(anonymous_2)
FN:46,(anonymous_3)
FN:55,(anonymous_4)
FN:56,(anonymous_5)
FN:61,(anonymous_6)
FN:62,(anonymous_7)
FN:67,(anonymous_8)
FNF:9
FNH:4
FNDA:2,(anonymous_0)
FNDA:2,(anonymous_1)
FNDA:2,(anonymous_2)
FNDA:0,(anonymous_3)
FNDA:0,(anonymous_4)
FNDA:0,(anonymous_5)
FNDA:0,(anonymous_6)
FNDA:0,(anonymous_7)
FNDA:3,(anonymous_8)
DA:14,1
DA:28,2
DA:29,2
DA:34,2
DA:35,2
DA:36,2
DA:40,2
DA:44,2
DA:45,2
DA:46,0
DA:51,0
DA:56,0
DA:62,0
DA:69,3
DA:70,3
LF:15
LH:11
BRDA:74,0,0,1
BRDA:74,0,1,2
BRDA:75,1,0,1
BRDA:75,1,1,2
BRDA:76,2,0,1
BRDA:76,2,1,2
BRDA:77,3,0,1
BRDA:77,3,1,2
BRDA:78,4,0,1
BRDA:78,4,1,2
BRF:10
BRH:10
end_of_record
TN:
SF:client/components/GlobalStyle.jsx
FN:5,(anonymous_0)
FNF:1
FNH:1
FNDA:3,(anonymous_0)
DA:3,1
DA:5,3
LF:2
LH:2
BRDA:5,0,0,1
BRDA:5,0,1,2
BRF:2
BRH:2
end_of_record
TN:
SF:client/components/Modal.jsx
FN:8,(anonymous_0)
FN:15,(anonymous_1)
FNF:2
FNH:2
FNDA:3,(anonymous_0)
FNDA:1,(anonymous_1)
DA:8,2
DA:9,3
DA:10,1
DA:12,2
DA:15,1
LF:5
LH:5
BRDA:9,0,0,1
BRDA:9,0,1,2
BRF:2
BRH:2
end_of_record
TN:
SF:client/components/ModalButton.jsx
FN:7,(anonymous_0)
FNF:1
FNH:1
FNDA:2,(anonymous_0)
DA:7,3
DA:8,2
LF:2
LH:2
BRF:0
BRH:0
end_of_record
TN:
SF:client/components/ModalButtonStyle.jsx
FN:55,(anonymous_0)
FN:64,(anonymous_1)
FN:68,(anonymous_2)
FNF:3
FNH:3
FNDA:2,(anonymous_0)
FNDA:2,(anonymous_1)
FNDA:2,(anonymous_2)
DA:3,3
DA:17,3
DA:46,3
DA:55,3
DA:64,3
DA:68,3
LF:6
LH:6
BRF:0
BRH:0
end_of_record
TN:
SF:client/components/ModalContent.jsx
FN:42,(anonymous_0)
FNF:1
FNH:1
FNDA:1,(anonymous_0)
DA:8,2
DA:16,2
DA:23,2
DA:33,2
DA:42,2
DA:44,1
LF:6
LH:6
BRF:0
BRH:0
end_of_record
TN:
SF:client/components/ModalStyle.jsx
FNF:0
FNH:0
DA:3,2
DA:23,2
DA:37,2
LF:3
LH:3
BRF:0
BRH:0
end_of_record
TN:
SF:client/components/ModalTop.jsx
FNF:0
FNH:0
DA:3,2
LF:1
LH:1
BRF:0
BRH:0
end_of_record
TN:
SF:client/components/MoreReviews.jsx
FN:27,(anonymous_0)
FN:30,(anonymous_1)
FNF:2
FNH:2
FNDA:2,(anonymous_0)
FNDA:1,(anonymous_1)
DA:4,2
DA:9,2
DA:27,2
DA:28,2
DA:30,1
LF:5
LH:5
BRF:0
BRH:0
end_of_record
TN:
SF:client/components/OverallStars.jsx
FN:6,(anonymous_0)
FNF:1
FNH:1
FNDA:2,(anonymous_0)
DA:6,2
DA:7,2
LF:2
LH:2
BRF:0
BRH:0
end_of_record
TN:
SF:client/components/OverallStarsStyle.jsx
FN:5,(anonymous_0)
FN:7,(anonymous_1)
FN:10,(anonymous_2)
FN:11,(anonymous_3)
FN:23,(anonymous_4)
FN:24,(anonymous_5)
FNF:6
FNH:6
FNDA:2,(anonymous_0)
FNDA:2,(anonymous_1)
FNDA:2,(anonymous_2)
FNDA:2,(anonymous_3)
FNDA:2,(anonymous_4)
FNDA:2,(anonymous_5)
DA:3,2
DA:5,2
DA:7,2
DA:10,2
DA:11,2
DA:14,2
DA:18,2
DA:22,2
DA:23,2
DA:24,2
LF:10
LH:10
BRDA:5,0,0,1
BRDA:5,0,1,1
BRDA:7,1,0,1
BRDA:7,1,1,1
BRDA:10,2,0,1
BRDA:10,2,1,1
BRDA:11,3,0,1
BRDA:11,3,1,1
BRDA:23,4,0,1
BRDA:23,4,1,1
BRDA:24,5,0,1
BRDA:24,5,1,1
BRF:12
BRH:12
end_of_record
TN:
SF:client/components/ReadMoreButton.jsx
FN:22,(anonymous_0)
FNF:1
FNH:1
FNDA:36,(anonymous_0)
DA:4,3
DA:22,3
DA:23,36
DA:24,8
DA:26,28
LF:5
LH:5
BRDA:23,0,0,8
BRDA:23,0,1,28
BRF:2
BRH:2
end_of_record
TN:
SF:client/components/Review.jsx
FN:12,(anonymous_0)
FN:20,(anonymous_1)
FN:21,(anonymous_2)
FN:26,(anonymous_3)
FNF:4
FNH:4
FNDA:37,(anonymous_0)
FNDA:1,(anonymous_1)
FNDA:1,(anonymous_2)
FNDA:38,(anonymous_3)
DA:13,37
DA:14,37
DA:17,37
DA:21,1
DA:27,38
DA:28,38
DA:29,38
DA:30,38
DA:31,38
LF:9
LH:9
BRDA:47,0,0,1
BRDA:47,0,1,37
BRDA:48,1,0,37
BRDA:48,1,1,1
BRF:4
BRH:4
end_of_record
TN:
SF:client/components/ReviewList.jsx
FN:8,(anonymous_0)
FN:9,(anonymous_1)
FN:12,(anonymous_2)
FN:17,(anonymous_3)
FN:25,(anonymous_4)
FNF:5
FNH:5
FNDA:2,(anonymous_0)
FNDA:2,(anonymous_1)
FNDA:2,(anonymous_2)
FNDA:2,(anonymous_3)
FNDA:36,(anonymous_4)
DA:7,2
DA:8,2
DA:9,2
DA:12,2
DA:17,2
DA:18,2
DA:19,2
DA:20,1
DA:23,2
DA:26,36
LF:10
LH:10
BRDA:8,0,0,1
BRDA:8,0,1,1
BRDA:9,1,0,1
BRDA:9,1,1,1
BRDA:12,2,0,1
BRDA:12,2,1,1
BRDA:19,3,0,1
BRDA:19,3,1,1
BRF:8
BRH:8
end_of_record
TN:
SF:client/components/ReviewStyle.jsx
FN:6,(anonymous_0)
FN:8,(anonymous_1)
FN:62,(anonymous_2)
FN:77,(anonymous_3)
FNF:4
FNH:3
FNDA:36,(anonymous_0)
FNDA:36,(anonymous_1)
FNDA:36,(anonymous_2)
FNDA:0,(anonymous_3)
DA:3,3
DA:6,36
DA:8,36
DA:12,3
DA:17,3
DA:26,3
DA:30,3
DA:37,3
DA:43,3
DA:48,3
DA:55,3
DA:62,36
DA:70,3
DA:77,0
LF:14
LH:13
BRDA:6,0,0,30
BRDA:6,0,1,6
BRDA:8,1,0,30
BRDA:8,1,1,6
BRDA:62,2,0,30
BRDA:62,2,1,6
BRDA:77,3,0,0
BRDA:77,3,1,0
BRF:8
BRH:6
end_of_record
TN:
SF:client/components/Stars.jsx
FN:9,(anonymous_0)
FNF:1
FNH:1
FNDA:12,(anonymous_0)
DA:9,2
DA:10,12
LF:2
LH:2
BRF:0
BRH:0
end_of_record
TN:
SF:client/components/StarsList.jsx
FN:7,(anonymous_0)
FN:13,(anonymous_1)
FN:25,(anonymous_2)
FNF:3
FNH:3
FNDA:2,(anonymous_0)
FNDA:2,(anonymous_1)
FNDA:12,(anonymous_2)
DA:5,2
DA:7,2
DA:13,2
DA:14,2
DA:15,2
DA:23,2
DA:26,12
LF:7
LH:7
BRDA:7,0,0,1
BRDA:7,0,1,1
BRF:2
BRH:2
end_of_record
TN:
SF:client/components/StarsStyle.jsx
FN:4,(anonymous_0)
FN:6,(anonymous_1)
FN:10,(anonymous_2)
FN:16,(anonymous_3)
FN:19,(anonymous_4)
FN:20,(anonymous_5)
FN:21,(anonymous_6)
FN:53,(anonymous_7)
FNF:8
FNH:8
FNDA:12,(anonymous_0)
FNDA:12,(anonymous_1)
FNDA:12,(anonymous_2)
FNDA:12,(anonymous_3)
FNDA:12,(anonymous_4)
FNDA:12,(anonymous_5)
FNDA:12,(anonymous_6)
FNDA:12,(anonymous_7)
DA:3,2
DA:4,12
DA:6,12
DA:10,12
DA:15,2
DA:16,12
DA:19,12
DA:20,12
DA:21,12
DA:24,2
DA:28,2
DA:35,2
DA:44,2
DA:52,2
DA:53,12
LF:15
LH:15
BRDA:4,0,0,6
BRDA:4,0,1,6
BRDA:6,1,0,6
BRDA:6,1,1,6
BRDA:10,2,0,6
BRDA:10,2,1,6
BRDA:16,3,0,6
BRDA:16,3,1,6
BRDA:19,4,0,6
BRDA:19,4,1,6
BRDA:20,5,0,6
BRDA:20,5,1,6
BRDA:21,6,0,6
BRDA:21,6,1,6
BRF:14
BRH:14
end_of_record
TN:
SF:client/components/sampleData.js
FNF:0
FNH:0
DA:1,2
LF:1
LH:1
BRF:0
BRH:0
end_of_record
TN:
SF:client/fonts/fonts.js
FNF:0
FNH:0
LF:0
LH:0
BRF:0
BRH:0
end_of_record
